TN:
SF:src/server/index.ts
FN:10,createApp
FN:49,validateFiles
FN:64,(anonymous_3)
FN:96,(anonymous_4)
FN:110,(anonymous_5)
FN:117,(anonymous_6)
FN:122,(anonymous_7)
FN:124,(anonymous_8)
FN:130,(anonymous_9)
FN:141,(anonymous_10)
FN:146,(anonymous_11)
FNF:11
FNH:3
FNDA:1,createApp
FNDA:0,validateFiles
FNDA:2,(anonymous_3)
FNDA:98,(anonymous_4)
FNDA:0,(anonymous_5)
FNDA:0,(anonymous_6)
FNDA:0,(anonymous_7)
FNDA:0,(anonymous_8)
FNDA:0,(anonymous_9)
FNDA:0,(anonymous_10)
FNDA:0,(anonymous_11)
DA:1,1
DA:2,1
DA:3,1
DA:4,1
DA:5,1
DA:6,1
DA:7,1
DA:8,1
DA:10,1
DA:11,1
DA:14,1
DA:15,1
DA:18,1
DA:24,1
DA:27,1
DA:32,1
DA:35,1
DA:41,1
DA:50,0
DA:51,0
DA:52,0
DA:54,0
DA:56,0
DA:57,0
DA:60,0
DA:64,1
DA:65,2
DA:66,2
DA:67,2
DA:68,2
DA:69,1
DA:70,1
DA:73,1
DA:74,1
DA:77,1
DA:79,1
DA:82,0
DA:88,0
DA:96,1
DA:97,98
DA:104,1
DA:108,1
DA:110,0
DA:111,0
DA:112,0
DA:116,0
DA:117,0
DA:118,0
DA:122,0
DA:123,0
DA:124,0
DA:125,0
DA:126,0
DA:130,0
DA:131,0
DA:132,0
DA:137,0
DA:138,0
DA:141,0
DA:142,0
DA:143,0
DA:146,0
DA:147,0
DA:148,0
LF:64
LH:33
BRDA:68,0,0,1
BRDA:84,1,0,0
BRDA:84,1,1,0
BRDA:90,2,0,0
BRDA:90,2,1,0
BRDA:99,3,0,98
BRDA:99,3,1,0
BRDA:108,4,0,0
BRDA:118,5,0,0
BRDA:118,5,1,0
BRF:10
BRH:2
end_of_record
